  main_game.c
  maze.c
C:\Users\all\Desktop\창의실무기말\20212302_박찬민\20212302_박찬민\maze.c(217,5): warning C4013: 'memcpy'이(가) 정의되지 않았습니다. extern은 int형을 반환하는 것으로 간주합니다.
C:\Users\all\Desktop\창의실무기말\20212302_박찬민\20212302_박찬민\maze.c(352,16): warning C4013: 'printf'이(가) 정의되지 않았습니다. extern은 int형을 반환하는 것으로 간주합니다.
C:\Users\all\Desktop\창의실무기말\20212302_박찬민\20212302_박찬민\maze.c(384,3): warning C4013: 'Sleep'이(가) 정의되지 않았습니다. extern은 int형을 반환하는 것으로 간주합니다.
C:\Users\all\Desktop\창의실무기말\20212302_박찬민\20212302_박찬민\maze.c(395,7): warning C4013: '_kbhit'이(가) 정의되지 않았습니다. extern은 int형을 반환하는 것으로 간주합니다.
C:\Users\all\Desktop\창의실무기말\20212302_박찬민\20212302_박찬민\maze.c(396,14): warning C4013: '_getch'이(가) 정의되지 않았습니다. extern은 int형을 반환하는 것으로 간주합니다.
C:\Users\all\Desktop\창의실무기말\20212302_박찬민\20212302_박찬민\maze.c(483,10): warning C4013: 'ShowMenu'이(가) 정의되지 않았습니다. extern은 int형을 반환하는 것으로 간주합니다.
  menu.c
C:\Users\all\Desktop\창의실무기말\20212302_박찬민\20212302_박찬민\menu.c(54,7): warning C4013: '_kbhit'이(가) 정의되지 않았습니다. extern은 int형을 반환하는 것으로 간주합니다.
C:\Users\all\Desktop\창의실무기말\20212302_박찬민\20212302_박찬민\menu.c(56,15): warning C4013: '_getch'이(가) 정의되지 않았습니다. extern은 int형을 반환하는 것으로 간주합니다.
C:\Users\all\Desktop\창의실무기말\20212302_박찬민\20212302_박찬민\menu.c(101,26): warning C4047: '함수': 'const char *'의 간접 참조 수준이 'int'과(와) 다릅니다.
C:\Users\all\Desktop\창의실무기말\20212302_박찬민\20212302_박찬민\menu.c(101,26): warning C4024: 'ClrStr': 형식 및 실제 매개 변수 1의 형식이 서로 다릅니다.
C:\Users\all\Desktop\창의실무기말\20212302_박찬민\20212302_박찬민\menu.c(102,26): warning C4047: '함수': 'const char *'의 간접 참조 수준이 'int'과(와) 다릅니다.
C:\Users\all\Desktop\창의실무기말\20212302_박찬민\20212302_박찬민\menu.c(102,26): warning C4024: 'ClrStr': 형식 및 실제 매개 변수 1의 형식이 서로 다릅니다.
C:\Users\all\Desktop\창의실무기말\20212302_박찬민\20212302_박찬민\menu.c(109,2): warning C4013: 'system'이(가) 정의되지 않았습니다. extern은 int형을 반환하는 것으로 간주합니다.
C:\Users\all\Desktop\창의실무기말\20212302_박찬민\20212302_박찬민\menu.c(114,9): warning C4047: '함수': 'const char *'의 간접 참조 수준이 'int'과(와) 다릅니다.
C:\Users\all\Desktop\창의실무기말\20212302_박찬민\20212302_박찬민\menu.c(114,9): warning C4024: 'ClrStr': 형식 및 실제 매개 변수 1의 형식이 서로 다릅니다.
C:\Users\all\Desktop\창의실무기말\20212302_박찬민\20212302_박찬민\menu.c(114,25): warning C4013: 'printf'이(가) 정의되지 않았습니다. extern은 int형을 반환하는 것으로 간주합니다.
C:\Users\all\Desktop\창의실무기말\20212302_박찬민\20212302_박찬민\menu.c(116,9): warning C4047: '함수': 'const char *'의 간접 참조 수준이 'int'과(와) 다릅니다.
C:\Users\all\Desktop\창의실무기말\20212302_박찬민\20212302_박찬민\menu.c(116,9): warning C4024: 'ClrStr': 형식 및 실제 매개 변수 1의 형식이 서로 다릅니다.
C:\Users\all\Desktop\창의실무기말\20212302_박찬민\20212302_박찬민\menu.c(118,9): warning C4047: '함수': 'const char *'의 간접 참조 수준이 'int'과(와) 다릅니다.
C:\Users\all\Desktop\창의실무기말\20212302_박찬민\20212302_박찬민\menu.c(118,9): warning C4024: 'ClrStr': 형식 및 실제 매개 변수 1의 형식이 서로 다릅니다.
C:\Users\all\Desktop\창의실무기말\20212302_박찬민\20212302_박찬민\menu.c(122,24): warning C4047: '함수': 'const char *'의 간접 참조 수준이 'int'과(와) 다릅니다.
C:\Users\all\Desktop\창의실무기말\20212302_박찬민\20212302_박찬민\menu.c(122,24): warning C4024: 'ClrStr': 형식 및 실제 매개 변수 1의 형식이 서로 다릅니다.
C:\Users\all\Desktop\창의실무기말\20212302_박찬민\20212302_박찬민\menu.c(152,9): warning C4047: '함수': 'const char *'의 간접 참조 수준이 'int'과(와) 다릅니다.
C:\Users\all\Desktop\창의실무기말\20212302_박찬민\20212302_박찬민\menu.c(152,9): warning C4024: 'ClrStr': 형식 및 실제 매개 변수 1의 형식이 서로 다릅니다.
C:\Users\all\Desktop\창의실무기말\20212302_박찬민\20212302_박찬민\menu.c(155,9): warning C4047: '함수': 'const char *'의 간접 참조 수준이 'int'과(와) 다릅니다.
C:\Users\all\Desktop\창의실무기말\20212302_박찬민\20212302_박찬민\menu.c(155,9): warning C4024: 'ClrStr': 형식 및 실제 매개 변수 1의 형식이 서로 다릅니다.
C:\Users\all\Desktop\창의실무기말\20212302_박찬민\20212302_박찬민\menu.c(157,9): warning C4047: '함수': 'const char *'의 간접 참조 수준이 'int'과(와) 다릅니다.
C:\Users\all\Desktop\창의실무기말\20212302_박찬민\20212302_박찬민\menu.c(157,9): warning C4024: 'ClrStr': 형식 및 실제 매개 변수 1의 형식이 서로 다릅니다.
C:\Users\all\Desktop\창의실무기말\20212302_박찬민\20212302_박찬민\menu.c(159,9): warning C4047: '함수': 'const char *'의 간접 참조 수준이 'int'과(와) 다릅니다.
C:\Users\all\Desktop\창의실무기말\20212302_박찬민\20212302_박찬민\menu.c(159,9): warning C4024: 'ClrStr': 형식 및 실제 매개 변수 1의 형식이 서로 다릅니다.
C:\Users\all\Desktop\창의실무기말\20212302_박찬민\20212302_박찬민\menu.c(262,4): warning C4013: 'Sleep'이(가) 정의되지 않았습니다. extern은 int형을 반환하는 것으로 간주합니다.
C:\Users\all\Desktop\창의실무기말\20212302_박찬민\20212302_박찬민\menu.c(271,4): warning C4013: 'free'이(가) 정의되지 않았습니다. extern은 int형을 반환하는 것으로 간주합니다.
C:\Users\all\Desktop\창의실무기말\20212302_박찬민\20212302_박찬민\menu.c(291,5): warning C4013: 'exit'이(가) 정의되지 않았습니다. extern은 int형을 반환하는 것으로 간주합니다.
C:\Users\all\Desktop\창의실무기말\20212302_박찬민\20212302_박찬민\menu.c(342,17): warning C4013: 'strlen'이(가) 정의되지 않았습니다. extern은 int형을 반환하는 것으로 간주합니다.
  player.c
C:\Users\all\Desktop\창의실무기말\20212302_박찬민\20212302_박찬민\player.c(7,2): warning C4013: 'GotoXY'이(가) 정의되지 않았습니다. extern은 int형을 반환하는 것으로 간주합니다.
C:\Users\all\Desktop\창의실무기말\20212302_박찬민\20212302_박찬민\player.c(9,2): warning C4013: 'SetColor'이(가) 정의되지 않았습니다. extern은 int형을 반환하는 것으로 간주합니다.
C:\Users\all\Desktop\창의실무기말\20212302_박찬민\20212302_박찬민\player.c(10,2): warning C4013: 'printf'이(가) 정의되지 않았습니다. extern은 int형을 반환하는 것으로 간주합니다.
C:\Users\all\Desktop\창의실무기말\20212302_박찬민\20212302_박찬민\player.c(20,3): warning C4013: 'Sleep'이(가) 정의되지 않았습니다. extern은 int형을 반환하는 것으로 간주합니다.
C:\Users\all\Desktop\창의실무기말\20212302_박찬민\20212302_박찬민\player.c(22,3): warning C4013: 'ClrStr'이(가) 정의되지 않았습니다. extern은 int형을 반환하는 것으로 간주합니다.
  코드를 생성하고 있습니다...
  20212302_박찬민.vcxproj -> C:\Users\all\Desktop\창의실무기말\20212302_박찬민\x64\Debug\20212302_박찬민.exe
  'pwsh.exe'은(는) 내부 또는 외부 명령, 실행할 수 있는 프로그램, 또는
  배치 파일이 아닙니다.
